  glMain.cpp
c:\users\xiazo\documents\visual studio 2017\projects\comp477assignment\comp477assignment\defmesh.h(16): warning C4305: 'initializing': truncation from 'double' to 'float'
c:\users\xiazo\documents\visual studio 2017\projects\comp477assignment\comp477assignment\glmain.cpp(409): warning C4305: 'argument': truncation from 'double' to 'GLfloat'
c:\users\xiazo\documents\visual studio 2017\projects\comp477assignment\comp477assignment\glmain.cpp(416): warning C4305: 'argument': truncation from 'double' to 'GLfloat'
c:\users\xiazo\documents\visual studio 2017\projects\comp477assignment\comp477assignment\glmain.cpp(455): warning C4244: 'argument': conversion from 'double' to 'GLfloat', possible loss of data
c:\users\xiazo\documents\visual studio 2017\projects\comp477assignment\comp477assignment\glmain.cpp(475): warning C4244: 'argument': conversion from 'double' to 'GLfloat', possible loss of data
c:\users\xiazo\documents\visual studio 2017\projects\comp477assignment\comp477assignment\glmain.cpp(484): warning C4244: 'argument': conversion from 'double' to 'GLfloat', possible loss of data
c:\users\xiazo\documents\visual studio 2017\projects\comp477assignment\comp477assignment\glmain.cpp(508): warning C4018: '<': signed/unsigned mismatch
c:\users\xiazo\documents\visual studio 2017\projects\comp477assignment\comp477assignment\glmain.cpp(538): warning C4244: '=': conversion from 'double' to 'int', possible loss of data
c:\users\xiazo\documents\visual studio 2017\projects\comp477assignment\comp477assignment\glmain.cpp(539): warning C4244: '=': conversion from 'double' to 'int', possible loss of data
c:\users\xiazo\documents\visual studio 2017\projects\comp477assignment\comp477assignment\glmain.cpp(542): warning C4244: '=': conversion from 'int' to 'float', possible loss of data
c:\users\xiazo\documents\visual studio 2017\projects\comp477assignment\comp477assignment\glmain.cpp(543): warning C4244: '=': conversion from 'int' to 'float', possible loss of data
c:\users\xiazo\documents\visual studio 2017\projects\comp477assignment\comp477assignment\glmain.cpp(546): warning C4244: '=': conversion from 'int' to 'float', possible loss of data
c:\users\xiazo\documents\visual studio 2017\projects\comp477assignment\comp477assignment\glmain.cpp(547): warning C4244: '=': conversion from 'int' to 'float', possible loss of data
c:\users\xiazo\documents\visual studio 2017\projects\comp477assignment\comp477assignment\glmain.cpp(593): warning C4305: 'argument': truncation from 'double' to 'GLfloat'
c:\users\xiazo\documents\visual studio 2017\projects\comp477assignment\comp477assignment\glmain.cpp(595): warning C4305: 'argument': truncation from 'double' to 'GLfloat'
c:\users\xiazo\documents\visual studio 2017\projects\comp477assignment\comp477assignment\glmain.cpp(596): warning C4305: 'argument': truncation from 'double' to 'GLfloat'
c:\users\xiazo\documents\visual studio 2017\projects\comp477assignment\comp477assignment\glmain.cpp(597): warning C4305: 'argument': truncation from 'double' to 'GLfloat'
c:\users\xiazo\documents\visual studio 2017\projects\comp477assignment\comp477assignment\glmain.cpp(598): warning C4305: 'argument': truncation from 'double' to 'GLfloat'
  COMP477Assignment.vcxproj -> C:\Users\xiazo\documents\visual studio 2017\Projects\COMP477Assignment\Debug\COMP477Assignment.exe
